TN:
SF:src\controllers\taskController.js
FN:4,(anonymous_0)
FN:15,(anonymous_1)
FN:35,(anonymous_2)
FNF:3
FNH:3
FNDA:4,(anonymous_0)
FNDA:4,(anonymous_1)
FNDA:4,(anonymous_2)
DA:1,2
DA:4,2
DA:5,4
DA:6,4
DA:7,2
DA:9,2
DA:10,2
DA:15,2
DA:16,4
DA:18,4
DA:19,2
DA:22,2
DA:23,2
DA:27,2
DA:29,0
DA:30,0
DA:35,2
DA:36,4
DA:38,4
DA:39,4
DA:44,4
DA:45,2
DA:48,2
DA:50,0
DA:51,0
DA:55,2
LF:26
LH:22
BRDA:18,0,0,2
BRDA:18,0,1,2
BRDA:44,1,0,2
BRDA:44,1,1,2
BRF:4
BRH:4
end_of_record
TN:
SF:src\routes\taskRoutes.js
FNF:0
FNH:0
DA:1,1
DA:2,1
DA:4,1
DA:6,1
DA:7,1
DA:8,1
DA:10,1
LF:7
LH:7
BRF:0
BRH:0
end_of_record
